Arguments: 
  /usr/bin/node /usr/local/bin/yarn add express

PATH: 
  /usr/local/bin:/usr/bin:/bin:/usr/local/games:/usr/games:/snap/bin

Yarn version: 
  1.22.19

Node version: 
  18.17.0

Platform: 
  linux x64

Trace: 
  Error: EACCES: permission denied, unlink '/home/utic/hero-tickets/backend/node_modules/.yarn-integrity'

npm manifest: 
  {
    "name": "backend",
    "version": "1.0.0",
    "description": "",
    "main": "index.js",
    "scripts": {
      "test": "echo \"Error: no test specified\" && exit 1"
    },
    "keywords": [],
    "author": "",
    "license": "ISC",
    "devDependencies": {
      "typescript": "^5.1.6"
    }
  }

yarn manifest: 
  No manifest

Lockfile: 
  # THIS IS AN AUTOGENERATED FILE. DO NOT EDIT THIS FILE DIRECTLY.
  # yarn lockfile v1
  
  
  typescript@^5.1.6:
    version "5.1.6"
    resolved "https://registry.yarnpkg.com/typescript/-/typescript-5.1.6.tgz#02f8ac202b6dad2c0dd5e0913745b47a37998274"
    integrity sha512-zaWCozRZ6DLEWAWFrVDz1H6FVXzUSfTy5FUMWsQlU8Ym5JP9eO4xkTIROFCQvhQf61z6O/G6ugw3SgAnvvm+HA==
